[0.007s] Invoking command in '/home/safar/ProjectROS/ex/src/build/pointcloud_to_laserscan': CMAKE_PREFIX_PATH=${CMAKE_PREFIX_PATH}:/opt/ros/jazzy /usr/bin/cmake /home/safar/ProjectROS/ex/src/pointcloud_to_laserscan -DCMAKE_INSTALL_PREFIX=/home/safar/ProjectROS/ex/src/install/pointcloud_to_laserscan
[0.060s] -- The C compiler identification is GNU 13.3.0
[0.103s] -- The CXX compiler identification is GNU 13.3.0
[0.118s] -- Detecting C compiler ABI info
[0.213s] -- Detecting C compiler ABI info - done
[0.222s] -- Check for working C compiler: /usr/bin/cc - skipped
[0.222s] -- Detecting C compile features
[0.223s] -- Detecting C compile features - done
[0.231s] -- Detecting CXX compiler ABI info
[0.316s] -- Detecting CXX compiler ABI info - done
[0.326s] -- Check for working CXX compiler: /usr/bin/c++ - skipped
[0.326s] -- Detecting CXX compile features
[0.327s] -- Detecting CXX compile features - done
[0.333s] -- Found ament_cmake: 2.5.5 (/opt/ros/jazzy/share/ament_cmake/cmake)
[0.437s] -- Found Python3: /usr/bin/python3 (found version "3.12.3") found components: Interpreter 
[0.518s] -- Found laser_geometry: 2.7.2 (/opt/ros/jazzy/share/laser_geometry/cmake)
[0.557s] -- Found rosidl_generator_c: 4.6.7 (/opt/ros/jazzy/share/rosidl_generator_c/cmake)
[0.567s] -- Found rosidl_generator_cpp: 4.6.7 (/opt/ros/jazzy/share/rosidl_generator_cpp/cmake)
[0.578s] -- Using all available rosidl_typesupport_c: rosidl_typesupport_fastrtps_c;rosidl_typesupport_introspection_c
[0.590s] -- Using all available rosidl_typesupport_cpp: rosidl_typesupport_fastrtps_cpp;rosidl_typesupport_introspection_cpp
[0.658s] -- Found message_filters: 4.11.10 (/opt/ros/jazzy/share/message_filters/cmake)
[0.694s] -- Found rmw_implementation_cmake: 7.3.3 (/opt/ros/jazzy/share/rmw_implementation_cmake/cmake)
[0.696s] -- Found rmw_fastrtps_cpp: 8.4.3 (/opt/ros/jazzy/share/rmw_fastrtps_cpp/cmake)
[0.759s] -- Found OpenSSL: /usr/lib/x86_64-linux-gnu/libcrypto.so (found version "3.0.13")  
[0.782s] -- Found FastRTPS: /opt/ros/jazzy/include (Required is at least version "2.13") 
[0.802s] -- Using RMW implementation 'rmw_fastrtps_cpp' as default
[0.854s] -- Found rclcpp_components: 28.1.16 (/opt/ros/jazzy/share/rclcpp_components/cmake)
[0.883s] -- Found tf2_ros: 0.36.19 (/opt/ros/jazzy/share/tf2_ros/cmake)
[0.949s] -- Found tf2_sensor_msgs: 0.36.19 (/opt/ros/jazzy/share/tf2_sensor_msgs/cmake)
[0.955s] -- Found ament_lint_auto: 0.17.4 (/opt/ros/jazzy/share/ament_lint_auto/cmake)
[1.036s] -- Added test 'cppcheck' to perform static code analysis on C / C++ code
[1.037s] -- Configured cppcheck include dirs: $<BUILD_INTERFACE:/home/safar/ProjectROS/ex/src/pointcloud_to_laserscan/include>
[1.037s] -- Configured cppcheck exclude dirs and/or files: 
[1.038s] -- Added test 'cpplint' to check C / C++ code against the Google style
[1.038s] -- Configured cpplint exclude dirs and/or files: 
[1.039s] -- Added test 'flake8' to check Python code syntax and style conventions
[1.039s] -- Configured 'flake8' exclude dirs and/or files: 
[1.040s] -- Added test 'lint_cmake' to check CMake code style
[1.040s] -- Added test 'pep257' to check Python code against some of the docstring style conventions in PEP 257
[1.042s] -- Added test 'uncrustify' to check C / C++ code style
[1.042s] -- Configured uncrustify additional arguments: 
[1.043s] -- Added test 'xmllint' to check XML markup files
[1.044s] -- Configuring done (1.0s)
[1.061s] -- Generating done (0.0s)
[1.067s] -- Build files have been written to: /home/safar/ProjectROS/ex/src/build/pointcloud_to_laserscan
[1.075s] Invoked command in '/home/safar/ProjectROS/ex/src/build/pointcloud_to_laserscan' returned '0': CMAKE_PREFIX_PATH=${CMAKE_PREFIX_PATH}:/opt/ros/jazzy /usr/bin/cmake /home/safar/ProjectROS/ex/src/pointcloud_to_laserscan -DCMAKE_INSTALL_PREFIX=/home/safar/ProjectROS/ex/src/install/pointcloud_to_laserscan
[1.076s] Invoking command in '/home/safar/ProjectROS/ex/src/build/pointcloud_to_laserscan': CMAKE_PREFIX_PATH=${CMAKE_PREFIX_PATH}:/opt/ros/jazzy /usr/bin/cmake --build /home/safar/ProjectROS/ex/src/build/pointcloud_to_laserscan -- -j20 -l20
[1.115s] [ 10%] [32mBuilding CXX object CMakeFiles/pointcloud_to_laserscan.dir/src/pointcloud_to_laserscan_node.cpp.o[0m
[1.117s] [ 20%] [32mBuilding CXX object CMakeFiles/laserscan_to_pointcloud_node.dir/rclcpp_components/node_main_laserscan_to_pointcloud_node.cpp.o[0m
[1.118s] [ 30%] [32mBuilding CXX object CMakeFiles/laserscan_to_pointcloud.dir/src/laserscan_to_pointcloud_node.cpp.o[0m
[1.118s] [ 40%] [32mBuilding CXX object CMakeFiles/dummy_pointcloud_publisher.dir/src/dummy_pointcloud_publisher.cpp.o[0m
[1.119s] [ 50%] [32mBuilding CXX object CMakeFiles/pointcloud_to_laserscan_node.dir/rclcpp_components/node_main_pointcloud_to_laserscan_node.cpp.o[0m
[2.928s] [ 60%] [32m[1mLinking CXX executable pointcloud_to_laserscan_node[0m
[2.929s] [ 70%] [32m[1mLinking CXX executable laserscan_to_pointcloud_node[0m
[3.010s] [ 70%] Built target pointcloud_to_laserscan_node
[3.010s] [ 70%] Built target laserscan_to_pointcloud_node
[3.593s] [ 80%] [32m[1mLinking CXX executable dummy_pointcloud_publisher[0m
[3.695s] [ 80%] Built target dummy_pointcloud_publisher
[8.019s] [ 90%] [32m[1mLinking CXX shared library liblaserscan_to_pointcloud.so[0m
[8.030s] [100%] [32m[1mLinking CXX shared library libpointcloud_to_laserscan.so[0m
[8.258s] [100%] Built target laserscan_to_pointcloud
[8.269s] [100%] Built target pointcloud_to_laserscan
